* a34038c : Put blockly in dependencies folder, Add blockly demo to frontend folder
* 9c89976 : Add blockly
* 949f8da : Add DS_Store to gitignore
* 34388e7 : Add validation for returns required in functions
* 0b3bba6 : Define semantic rules for function definition Add generate quad for return Add generate quad for endproc Add params_no, vars_no and quad_start in dirProc
* 34cb15c : Fourth Delivery: Correct Semantic Cube Add generate assignation quadruple Add generate declaration assign quadruple Modify Quadruple Class to have a quad number Add fillQuad in Quadruples Class Checks arr integrity type Add gen condition quads Add cycle quads Add gen func call quad function (implementation pending)
* 7628510 : Generate Read and Write Quads Clean Parser file Generate new funtions in Functions file (result of cleaning Parser file)
* 0b1c84d : Add Quadruples class Generate quad of statements declared, not implemented Missing while, condition and function quad declaration Add functions file Restructure add quad methods Restructure files again Add debug mode'
* 5e0a054 : 3rd delivery: Generate quadruples for exps Vars and constants types implementation Reorganization of files Declarations file created Corrected test 6 Edit diagrams
* 75eb1b6 : 3rd delivery: Vars and Constants type verification implementation Add Declartion file Reorganization of files Edited RR Diagrams Test 6 correction
* 3919fab : Add Structs Add more operation codes Add class quadruple and stacks items Verify test 1-5 (test 6 pending) Add operators to pilaOptr
* 7548152 : Procedure name now in varTable[global] Add Semantic Cube Add Operation Codes Add validation for var types and constants Modify variable and function names error message
* cab1392 : Comments now allowed in code Parser now tells when a variable is already declared
* 062a859 : Add commit history Modify readme.md
* 611dd9e : Add Var Table rules Add Procedure Directory rules Add Arguments to Var Table rules
* 90e6d45 : Finish First Sprint Add missing test for main and expressions
* 7423861 : Correct statement rules Add more tests Add main rules Missing testing full statement combinations and main rules
* 95c2cd6 : mend
* ccf206e : Changed diagrams code Added func and statement parser rules Added func and statement tests
* 6961bc9 : mend
* 2102562 : mend
* b5e75a4 : mend
* f83f0dc : Add test script and modify README.md
* a0fc01c : Minor changes to lex and parser, test changed
* d1b611e : Add regular expresions to use in the generation of diagrams in http://www.bottlecaps.de/rr/ui
* d7fe314 : Add parser with rules for vars, missing func and main
* 43a4e15 : Add lex file with tokens
* 5cceb94 : Initial commit